Determining if the pthread_create exist failed with the following output:
Change Dir: /home/melody/home_work/camera_camera_sync/build/CMakeFiles/CMakeTmp

Run Build Command(s):/usr/bin/make cmTC_d80b4/fast 
/usr/bin/make -f CMakeFiles/cmTC_d80b4.dir/build.make CMakeFiles/cmTC_d80b4.dir/build
make[1]: 进入目录“/home/melody/home_work/camera_camera_sync/build/CMakeFiles/CMakeTmp”
Building C object CMakeFiles/cmTC_d80b4.dir/CheckSymbolExists.c.o
/usr/bin/cc    -o CMakeFiles/cmTC_d80b4.dir/CheckSymbolExists.c.o   -c /home/melody/home_work/camera_camera_sync/build/CMakeFiles/CMakeTmp/CheckSymbolExists.c
Linking C executable cmTC_d80b4
/usr/local/bin/cmake -E cmake_link_script CMakeFiles/cmTC_d80b4.dir/link.txt --verbose=1
/usr/bin/cc      -rdynamic CMakeFiles/cmTC_d80b4.dir/CheckSymbolExists.c.o  -o cmTC_d80b4 
/usr/bin/ld: CMakeFiles/cmTC_d80b4.dir/CheckSymbolExists.c.o: in function `main':
CheckSymbolExists.c:(.text+0x16): undefined reference to `pthread_create'
collect2: error: ld returned 1 exit status
make[1]: *** [CMakeFiles/cmTC_d80b4.dir/build.make:87：cmTC_d80b4] 错误 1
make[1]: 离开目录“/home/melody/home_work/camera_camera_sync/build/CMakeFiles/CMakeTmp”
make: *** [Makefile:121：cmTC_d80b4/fast] 错误 2

File /home/melody/home_work/camera_camera_sync/build/CMakeFiles/CMakeTmp/CheckSymbolExists.c:
/* */
#include <pthread.h>

int main(int argc, char** argv)
{
  (void)argv;
#ifndef pthread_create
  return ((int*)(&pthread_create))[argc];
#else
  (void)argc;
  return 0;
#endif
}

Determining if the function pthread_create exists in the pthreads failed with the following output:
Change Dir: /home/melody/home_work/camera_camera_sync/build/CMakeFiles/CMakeTmp

Run Build Command(s):/usr/bin/make cmTC_3a4dd/fast 
/usr/bin/make -f CMakeFiles/cmTC_3a4dd.dir/build.make CMakeFiles/cmTC_3a4dd.dir/build
make[1]: 进入目录“/home/melody/home_work/camera_camera_sync/build/CMakeFiles/CMakeTmp”
Building C object CMakeFiles/cmTC_3a4dd.dir/CheckFunctionExists.c.o
/usr/bin/cc   -DCHECK_FUNCTION_EXISTS=pthread_create   -o CMakeFiles/cmTC_3a4dd.dir/CheckFunctionExists.c.o   -c /usr/local/share/cmake-3.14/Modules/CheckFunctionExists.c
Linking C executable cmTC_3a4dd
/usr/local/bin/cmake -E cmake_link_script CMakeFiles/cmTC_3a4dd.dir/link.txt --verbose=1
/usr/bin/cc  -DCHECK_FUNCTION_EXISTS=pthread_create    -rdynamic CMakeFiles/cmTC_3a4dd.dir/CheckFunctionExists.c.o  -o cmTC_3a4dd -lpthreads 
/usr/bin/ld: 找不到 -lpthreads
collect2: error: ld returned 1 exit status
make[1]: *** [CMakeFiles/cmTC_3a4dd.dir/build.make:87：cmTC_3a4dd] 错误 1
make[1]: 离开目录“/home/melody/home_work/camera_camera_sync/build/CMakeFiles/CMakeTmp”
make: *** [Makefile:121：cmTC_3a4dd/fast] 错误 2


